[debug] [2024-02-02T08:28:17.029Z] ----------------------------------------------------------------------
[debug] [2024-02-02T08:28:17.031Z] Command:       D:\Program Files\nodejs\node.exe C:\Users\andre\AppData\Roaming\npm\node_modules\firebase-tools\lib\bin\firebase.js init
[debug] [2024-02-02T08:28:17.031Z] CLI Version:   12.4.0
[debug] [2024-02-02T08:28:17.032Z] Platform:      win32
[debug] [2024-02-02T08:28:17.032Z] Node Version:  v18.15.0
[debug] [2024-02-02T08:28:17.033Z] Time:          Fri Feb 02 2024 13:28:17 GMT+0500 (Екатеринбург, стандартное время)
[debug] [2024-02-02T08:28:17.033Z] ----------------------------------------------------------------------
[debug] 
[debug] [2024-02-02T08:28:17.037Z] >>> [apiv2][query] GET https://firebase-public.firebaseio.com/cli.json [none]
[debug] [2024-02-02T08:28:17.154Z] Object "" in "firebase.json" has unknown property: {"additionalProperty":"rewrites"}
[debug] [2024-02-02T08:28:17.161Z] > command requires scopes: ["email","openid","https://www.googleapis.com/auth/cloudplatformprojects.readonly","https://www.googleapis.com/auth/firebase","https://www.googleapis.com/auth/cloud-platform"]
[debug] [2024-02-02T08:28:17.161Z] > authorizing via signed-in user (andreifark@gmail.com)
[debug] [2024-02-02T08:28:17.162Z] Object "" in "firebase.json" has unknown property: {"additionalProperty":"rewrites"}
[info] 
     ######## #### ########  ######## ########     ###     ######  ########
     ##        ##  ##     ## ##       ##     ##  ##   ##  ##       ##
     ######    ##  ########  ######   ########  #########  ######  ######
     ##        ##  ##    ##  ##       ##     ## ##     ##       ## ##
     ##       #### ##     ## ######## ########  ##     ##  ######  ########

You're about to initialize a Firebase project in this directory:

  C:\Users\andre\own-game

Before we get started, keep in mind:

  * You are initializing within an existing Firebase project directory

[debug] [2024-02-02T08:28:17.949Z] <<< [apiv2][status] GET https://firebase-public.firebaseio.com/cli.json 200
[debug] [2024-02-02T08:28:17.949Z] <<< [apiv2][body] GET https://firebase-public.firebaseio.com/cli.json {"cloudBuildErrorAfter":1594252800000,"cloudBuildWarnAfter":1590019200000,"defaultNode10After":1594252800000,"minVersion":"3.0.5","node8DeploysDisabledAfter":1613390400000,"node8RuntimeDisabledAfter":1615809600000,"node8WarnAfter":1600128000000}
